  Actor.cpp
C:\Users\SGA\Documents\SGA_7Time_DirectX\SGA7_DirectX\230911_Project\Scene\Actor.h(70,21): error C2139: 'TransformComponent': 정의되지 않은 클래스는 컴파일러 내장 형식 특성 '__is_base_of'에 대한 인수로 사용할 수 없습니다.
C:\Users\SGA\Documents\SGA_7Time_DirectX\SGA7_DirectX\230911_Project\Scene\Component\IComponent.h(20): message : 'TransformComponent' 선언을 참조하십시오.
C:\Users\SGA\Documents\SGA_7Time_DirectX\SGA7_DirectX\230911_Project\Scene\Actor.cpp(6): message : 컴파일되는 함수 템플릿 인스턴스화 'const std::shared_ptr<TransformComponent> Actor::AddComponent<TransformComponent>(void)'에 대한 참조를 확인하세요.
C:\Users\SGA\Documents\SGA_7Time_DirectX\SGA7_DirectX\230911_Project\Scene\Actor.h(70,48): error C2338: Provider type does not implement IComponent
C:\Users\SGA\Documents\SGA_7Time_DirectX\SGA7_DirectX\230911_Project\Scene\Actor.h(77,12): error C2664: 'void std::vector<std::shared_ptr<IComponent>,std::allocator<std::shared_ptr<IComponent>>>::push_back(const _Ty &)': 인수 1을(를) 'std::shared_ptr<TransformComponent>'에서 'const _Ty &'(으)로 변환할 수 없습니다.
          with
          [
              _Ty=std::shared_ptr<IComponent>
          ]
C:\Users\SGA\Documents\SGA_7Time_DirectX\SGA7_DirectX\230911_Project\Scene\Actor.h(84,1): message : 원인: 'std::shared_ptr<TransformComponent>'에서 'const _Ty'(으)로 변환할 수 없습니다.
          with
          [
              _Ty=std::shared_ptr<IComponent>
          ]
C:\Users\SGA\Documents\SGA_7Time_DirectX\SGA7_DirectX\230911_Project\Scene\Actor.h(80,3): message : 이 변환을 수행할 수 있는 사용 가능한 사용자 정의 변환 연산자가 없거나 연산자를 호출할 수 없습니다.
C:\Program Files (x86)\Microsoft Visual Studio\2019\Community\VC\Tools\MSVC\14.29.30133\include\vector(742,33): message : 'std::vector<std::shared_ptr<IComponent>,std::allocator<std::shared_ptr<IComponent>>>::push_back' 선언을 참조하십시오.
C:\Users\SGA\Documents\SGA_7Time_DirectX\SGA7_DirectX\230911_Project\Scene\Actor.h(88,1): error C2027: 정의되지 않은 형식 'TransformComponent'을(를) 사용했습니다.
C:\Users\SGA\Documents\SGA_7Time_DirectX\SGA7_DirectX\230911_Project\Scene\Component\IComponent.h(20): message : 'TransformComponent' 선언을 참조하십시오.
C:\Users\SGA\Documents\SGA_7Time_DirectX\SGA7_DirectX\230911_Project\Scene\Actor.h(88,17): error C2039: 'Initialize': 'std::shared_ptr<TransformComponent>'의 멤버가 아닙니다.
C:\Users\SGA\Documents\SGA_7Time_DirectX\SGA7_DirectX\230911_Project\Scene\Actor.h(24): message : 'std::shared_ptr<TransformComponent>' 선언을 참조하십시오.
C:\Users\SGA\Documents\SGA_7Time_DirectX\SGA7_DirectX\230911_Project\Scene\Actor.h(89,1): error C2027: 정의되지 않은 형식 'TransformComponent'을(를) 사용했습니다.
C:\Users\SGA\Documents\SGA_7Time_DirectX\SGA7_DirectX\230911_Project\Scene\Component\IComponent.h(20): message : 'TransformComponent' 선언을 참조하십시오.
C:\Users\SGA\Documents\SGA_7Time_DirectX\SGA7_DirectX\230911_Project\Scene\Actor.h(89,17): error C2039: 'SetComponentType': 'std::shared_ptr<TransformComponent>'의 멤버가 아닙니다.
C:\Users\SGA\Documents\SGA_7Time_DirectX\SGA7_DirectX\230911_Project\Scene\Actor.h(24): message : 'std::shared_ptr<TransformComponent>' 선언을 참조하십시오.
